## Module report - date Sat 29 Mar 2014 16:39:19 CDT
## Created by Pcbnew version pcbnew (2013-dec-23)-stable
## Unit = inches, Angle = deg.
##

$BeginDESCRIPTION

$BOARD
unit INCH
upper_left_corner  0.654143  0.467500
lower_right_corner 12.388937  7.367500
$EndBOARD

$MODULE "DS2"
reference "DS2"
value "PARTY!"
footprint "LED-1206-REV"
attribut smd
position  4.700000  2.825000
orientation  0.00
layer component
$PAD "1"
position -0.070866  0.000000
size  0.059055  0.070866
drill  0.000000
shape_offset  0.000000  0.000000
orientation  0.00
Shape  Rect
Layer  component
$EndPAD
$PAD "2"
position  0.070866  0.000000
size  0.059055  0.070866
drill  0.000000
shape_offset  0.000000  0.000000
orientation  0.00
Shape  Rect
Layer  component
$EndPAD
$PAD ""
position  0.000000  0.000000
size  0.082677  0.125984
drill  0.082677
shape_offset  0.000000  0.000000
orientation  0.00
Shape  Oval
Layer  all
$EndPAD
$EndMODULE  DS2

$MODULE "J5"
reference "J5"
value "EXT_POWER"
footprint "JACK_PJ102"
attribut none
position  4.175000  1.660000
orientation  270.00
layer copper
$PAD "2"
position  0.000000 -0.003937
size  0.118110  0.165354
drill  0.039370
shape_offset  0.000000  0.000000
orientation  0.00
Shape  Oval
Layer  all
$EndPAD
$PAD "1"
position  0.236063 -0.003937
size  0.118110  0.165354
drill  0.039370
shape_offset  0.000000  0.000000
orientation  0.00
Shape  Oval
Layer  all
$EndPAD
$PAD "3"
position  0.118110 -0.188976
size  0.165354  0.118110
drill  0.086614
shape_offset  0.000000  0.000000
orientation  0.00
Shape  Oval
Layer  all
$EndPAD
$EndMODULE  J5

$MODULE "J6"
reference "J6"
value "USB_IN"
footprint "USB_MICRO_B_THM"
attribut smd
position  6.775000  1.475000
orientation  270.00
layer component
$SHAPE3D
Na "walter/conn_pc/usb_B_micro_smd.wrl"
Sc 1 1 1
Of 0 0 0
Ro 0 0 0
$EndSHAPE3D
$PAD "1"
position  0.010827 -0.051181
size  0.053150  0.015748
drill  0.000000
shape_offset  0.000000  0.000000
orientation  0.00
Shape  Rect
Layer  component
$EndPAD
$PAD "2"
position  0.010827 -0.025591
size  0.053150  0.015748
drill  0.000000
shape_offset  0.000000  0.000000
orientation  0.00
Shape  Rect
Layer  component
$EndPAD
$PAD "3"
position  0.010827  0.000000
size  0.053150  0.015748
drill  0.000000
shape_offset  0.000000  0.000000
orientation  0.00
Shape  Rect
Layer  component
$EndPAD
$PAD "4"
position  0.010827  0.025591
size  0.053150  0.015748
drill  0.000000
shape_offset  0.000000  0.000000
orientation  0.00
Shape  Rect
Layer  component
$EndPAD
$PAD "5"
position  0.010827  0.051181
size  0.053150  0.015748
drill  0.000000
shape_offset  0.000000  0.000000
orientation  0.00
Shape  Rect
Layer  component
$EndPAD
$PAD "6"
position -0.098425 -0.129921
size  0.103150  0.056299
drill  0.074803
shape_offset  0.000000  0.000000
orientation  0.00
Shape  Oval
Layer  all
$EndPAD
$PAD "9"
position -0.098425  0.129921
size  0.103150  0.056299
drill  0.074803
shape_offset  0.000000  0.000000
orientation  0.00
Shape  Oval
Layer  all
$EndPAD
$PAD "7"
position -0.003937 -0.141732
size  0.088976  0.049606
drill  0.061417
shape_offset  0.000000  0.000000
orientation  0.00
Shape  Oval
Layer  all
$EndPAD
$PAD "8"
position -0.003937  0.141732
size  0.088976  0.049606
drill  0.061417
shape_offset  0.000000  0.000000
orientation  0.00
Shape  Oval
Layer  all
$EndPAD
$EndMODULE  J6

$MODULE "R7"
reference "R7"
value "10K"
footprint "SM0603"
attribut smd
position  5.515000  2.650000
orientation  0.00
layer component
$SHAPE3D
Na "smd\\resistors\\R0603.wrl"
Sc 0.5 0.5 0.5
Of 0 0 0.001
Ro 0 0 0
$EndSHAPE3D
$PAD "1"
position -0.030000  0.000000
size  0.025000  0.045000
drill  0.000000
shape_offset  0.000000  0.000000
orientation  0.00
Shape  Rect
Layer  component
$EndPAD
$PAD "2"
position  0.030000  0.000000
size  0.025000  0.045000
drill  0.000000
shape_offset  0.000000  0.000000
orientation  0.00
Shape  Rect
Layer  component
$EndPAD
$EndMODULE  R7

$MODULE "R8"
reference "R8"
value "10K"
footprint "SM0603"
attribut smd
position  5.700000  1.765000
orientation  180.00
layer component
$SHAPE3D
Na "smd\\resistors\\R0603.wrl"
Sc 0.5 0.5 0.5
Of 0 0 0.001
Ro 0 0 0
$EndSHAPE3D
$PAD "1"
position -0.030000  0.000000
size  0.025000  0.045000
drill  0.000000
shape_offset  0.000000  0.000000
orientation  0.00
Shape  Rect
Layer  component
$EndPAD
$PAD "2"
position  0.030000  0.000000
size  0.025000  0.045000
drill  0.000000
shape_offset  0.000000  0.000000
orientation  0.00
Shape  Rect
Layer  component
$EndPAD
$EndMODULE  R8

$MODULE "R11"
reference "R11"
value "10K"
footprint "SM0603"
attribut smd
position  5.825000  1.765000
orientation  0.00
layer component
$SHAPE3D
Na "smd\\resistors\\R0603.wrl"
Sc 0.5 0.5 0.5
Of 0 0 0.001
Ro 0 0 0
$EndSHAPE3D
$PAD "1"
position -0.030000  0.000000
size  0.025000  0.045000
drill  0.000000
shape_offset  0.000000  0.000000
orientation  -0.00
Shape  Rect
Layer  component
$EndPAD
$PAD "2"
position  0.030000  0.000000
size  0.025000  0.045000
drill  0.000000
shape_offset  0.000000  0.000000
orientation  -0.00
Shape  Rect
Layer  component
$EndPAD
$EndMODULE  R11

$MODULE "R10"
reference "R10"
value "10K"
footprint "SM0603"
attribut smd
position  5.680000  1.850000
orientation  180.00
layer component
$SHAPE3D
Na "smd\\resistors\\R0603.wrl"
Sc 0.5 0.5 0.5
Of 0 0 0.001
Ro 0 0 0
$EndSHAPE3D
$PAD "1"
position -0.030000  0.000000
size  0.025000  0.045000
drill  0.000000
shape_offset  0.000000  0.000000
orientation  0.00
Shape  Rect
Layer  component
$EndPAD
$PAD "2"
position  0.030000  0.000000
size  0.025000  0.045000
drill  0.000000
shape_offset  0.000000  0.000000
orientation  0.00
Shape  Rect
Layer  component
$EndPAD
$EndMODULE  R10

$MODULE "R12"
reference "R12"
value "10K"
footprint "SM0603"
attribut smd
position  5.850000  1.850000
orientation  0.00
layer component
$SHAPE3D
Na "smd\\resistors\\R0603.wrl"
Sc 0.5 0.5 0.5
Of 0 0 0.001
Ro 0 0 0
$EndSHAPE3D
$PAD "1"
position -0.030000  0.000000
size  0.025000  0.045000
drill  0.000000
shape_offset  0.000000  0.000000
orientation  -0.00
Shape  Rect
Layer  component
$EndPAD
$PAD "2"
position  0.030000  0.000000
size  0.025000  0.045000
drill  0.000000
shape_offset  0.000000  0.000000
orientation  -0.00
Shape  Rect
Layer  component
$EndPAD
$EndMODULE  R12

$MODULE "R16"
reference "R16"
value "120"
footprint "SM0603"
attribut smd
position  5.185000  2.855000
orientation  180.00
layer component
$SHAPE3D
Na "smd\\resistors\\R0603.wrl"
Sc 0.5 0.5 0.5
Of 0 0 0.001
Ro 0 0 0
$EndSHAPE3D
$PAD "1"
position -0.030000  0.000000
size  0.025000  0.045000
drill  0.000000
shape_offset  0.000000  0.000000
orientation  0.00
Shape  Rect
Layer  component
$EndPAD
$PAD "2"
position  0.030000  0.000000
size  0.025000  0.045000
drill  0.000000
shape_offset  0.000000  0.000000
orientation  0.00
Shape  Rect
Layer  component
$EndPAD
$EndMODULE  R16

$MODULE "R9"
reference "R9"
value "10K"
footprint "SM0603"
attribut smd
position  5.700000  1.685000
orientation  180.00
layer component
$SHAPE3D
Na "smd\\resistors\\R0603.wrl"
Sc 0.5 0.5 0.5
Of 0 0 0.001
Ro 0 0 0
$EndSHAPE3D
$PAD "1"
position -0.030000  0.000000
size  0.025000  0.045000
drill  0.000000
shape_offset  0.000000  0.000000
orientation  0.00
Shape  Rect
Layer  component
$EndPAD
$PAD "2"
position  0.030000  0.000000
size  0.025000  0.045000
drill  0.000000
shape_offset  0.000000  0.000000
orientation  0.00
Shape  Rect
Layer  component
$EndPAD
$EndMODULE  R9

$MODULE "R6"
reference "R6"
value "120"
footprint "SM0603"
attribut smd
position  5.515000  2.725000
orientation  180.00
layer component
$SHAPE3D
Na "smd\\resistors\\R0603.wrl"
Sc 0.5 0.5 0.5
Of 0 0 0.001
Ro 0 0 0
$EndSHAPE3D
$PAD "1"
position -0.030000  0.000000
size  0.025000  0.045000
drill  0.000000
shape_offset  0.000000  0.000000
orientation  0.00
Shape  Rect
Layer  component
$EndPAD
$PAD "2"
position  0.030000  0.000000
size  0.025000  0.045000
drill  0.000000
shape_offset  0.000000  0.000000
orientation  0.00
Shape  Rect
Layer  component
$EndPAD
$EndMODULE  R6

$MODULE "C8"
reference "C8"
value ".1 uF"
footprint "SM0603_Capa"
attribut smd
position  6.155000  2.600000
orientation  180.00
layer component
$SHAPE3D
Na "smd\\capacitors\\C0603.wrl"
Sc 0.5 0.5 0.5
Of 0 0 0.001
Ro 0 0 0
$EndSHAPE3D
$PAD "1"
position -0.030000  0.000000
size  0.025000  0.045000
drill  0.000000
shape_offset  0.000000  0.000000
orientation  0.00
Shape  Rect
Layer  component
$EndPAD
$PAD "2"
position  0.030000  0.000000
size  0.025000  0.045000
drill  0.000000
shape_offset  0.000000  0.000000
orientation  0.00
Shape  Rect
Layer  component
$EndPAD
$EndMODULE  C8

$MODULE "C14"
reference "C14"
value "1 uF"
footprint "SM0603_Capa"
attribut smd
position  6.325000  2.835000
orientation  90.00
layer component
$SHAPE3D
Na "smd\\capacitors\\C0603.wrl"
Sc 0.5 0.5 0.5
Of 0 0 0.001
Ro 0 0 0
$EndSHAPE3D
$PAD "1"
position -0.030000  0.000000
size  0.025000  0.045000
drill  0.000000
shape_offset  0.000000  0.000000
orientation  0.00
Shape  Rect
Layer  component
$EndPAD
$PAD "2"
position  0.030000  0.000000
size  0.025000  0.045000
drill  0.000000
shape_offset  0.000000  0.000000
orientation  0.00
Shape  Rect
Layer  component
$EndPAD
$EndMODULE  C14

$MODULE "C4"
reference "C4"
value ".01 uF"
footprint "SM0603_Capa"
attribut smd
position  5.022500  2.132500
orientation  90.00
layer component
$SHAPE3D
Na "smd\\capacitors\\C0603.wrl"
Sc 0.5 0.5 0.5
Of 0 0 0.001
Ro 0 0 0
$EndSHAPE3D
$PAD "1"
position -0.030000  0.000000
size  0.025000  0.045000
drill  0.000000
shape_offset  0.000000  0.000000
orientation  0.00
Shape  Rect
Layer  component
$EndPAD
$PAD "2"
position  0.030000  0.000000
size  0.025000  0.045000
drill  0.000000
shape_offset  0.000000  0.000000
orientation  0.00
Shape  Rect
Layer  component
$EndPAD
$EndMODULE  C4

$MODULE "MH1"
reference "MH1"
value "TOOLING"
footprint "hole_5mm"
attribut virtual
position  3.750000  2.160000
orientation  0.00
layer component
$SHAPE3D
Na "walter/details/hole.wrl"
Sc 1 1 1
Of 0 0 0
Ro 0 0 0
$EndSHAPE3D
$PAD ""
position -0.050000  0.000000
size  0.196900  0.196900
drill  0.196900
shape_offset  0.000000  0.000000
orientation  0.00
Shape  Circ
Layer  all
$EndPAD
$EndMODULE  MH1

$MODULE "MH2"
reference "MH2"
value "TOOLING"
footprint "hole_5mm"
attribut virtual
position  7.650000  2.960000
orientation  0.00
layer component
$SHAPE3D
Na "walter/details/hole.wrl"
Sc 1 1 1
Of 0 0 0
Ro 0 0 0
$EndSHAPE3D
$PAD ""
position -0.050000  0.000000
size  0.196900  0.196900
drill  0.196900
shape_offset  0.000000  0.000000
orientation  0.00
Shape  Circ
Layer  all
$EndPAD
$EndMODULE  MH2

$MODULE "U1"
reference "U1"
value "ATMEGA32U4"
footprint "TQFP44"
attribut smd
position  5.985000  2.275000
orientation  180.00
layer component
$SHAPE3D
Na "walter/smd_lqfp/lqfp-44.wrl"
Sc 1 1 1
Of 0 0 0
Ro 0 0 90
$EndSHAPE3D
$PAD "39"
position  0.000000 -0.225000
size  0.016000  0.060000
drill  0.000000
shape_offset  0.000000  0.000000
orientation  0.00
Shape  Rect
Layer  component
$EndPAD
$PAD "40"
position -0.031500 -0.225000
size  0.016000  0.060000
drill  0.000000
shape_offset  0.000000  0.000000
orientation  0.00
Shape  Rect
Layer  component
$EndPAD
$PAD "41"
position -0.063000 -0.225000
size  0.016000  0.060000
drill  0.000000
shape_offset  0.000000  0.000000
orientation  0.00
Shape  Rect
Layer  component
$EndPAD
$PAD "42"
position -0.094500 -0.225000
size  0.016000  0.060000
drill  0.000000
shape_offset  0.000000  0.000000
orientation  0.00
Shape  Rect
Layer  component
$EndPAD
$PAD "43"
position -0.126000 -0.225000
size  0.016000  0.060000
drill  0.000000
shape_offset  0.000000  0.000000
orientation  0.00
Shape  Rect
Layer  component
$EndPAD
$PAD "44"
position -0.157500 -0.225000
size  0.016000  0.060000
drill  0.000000
shape_offset  0.000000  0.000000
orientation  0.00
Shape  Rect
Layer  component
$EndPAD
$PAD "38"
position  0.031500 -0.225000
size  0.016000  0.060000
drill  0.000000
shape_offset  0.000000  0.000000
orientation  0.00
Shape  Rect
Layer  component
$EndPAD
$PAD "37"
position  0.063000 -0.225000
size  0.016000  0.060000
drill  0.000000
shape_offset  0.000000  0.000000
orientation  0.00
Shape  Rect
Layer  component
$EndPAD
$PAD "36"
position  0.094500 -0.225000
size  0.016000  0.060000
drill  0.000000
shape_offset  0.000000  0.000000
orientation  0.00
Shape  Rect
Layer  component
$EndPAD
$PAD "35"
position  0.126000 -0.225000
size  0.016000  0.060000
drill  0.000000
shape_offset  0.000000  0.000000
orientation  0.00
Shape  Rect
Layer  component
$EndPAD
$PAD "34"
position  0.157500 -0.225000
size  0.016000  0.060000
drill  0.000000
shape_offset  0.000000  0.000000
orientation  0.00
Shape  Rect
Layer  component
$EndPAD
$PAD "17"
position  0.000000  0.225000
size  0.016000  0.060000
drill  0.000000
shape_offset  0.000000  0.000000
orientation  0.00
Shape  Rect
Layer  component
$EndPAD
$PAD "16"
position -0.031500  0.225000
size  0.016000  0.060000
drill  0.000000
shape_offset  0.000000  0.000000
orientation  0.00
Shape  Rect
Layer  component
$EndPAD
$PAD "15"
position -0.063000  0.225000
size  0.016000  0.060000
drill  0.000000
shape_offset  0.000000  0.000000
orientation  0.00
Shape  Rect
Layer  component
$EndPAD
$PAD "14"
position -0.094500  0.225000
size  0.016000  0.060000
drill  0.000000
shape_offset  0.000000  0.000000
orientation  0.00
Shape  Rect
Layer  component
$EndPAD
$PAD "13"
position -0.126000  0.225000
size  0.016000  0.060000
drill  0.000000
shape_offset  0.000000  0.000000
orientation  0.00
Shape  Rect
Layer  component
$EndPAD
$PAD "12"
position -0.157500  0.225000
size  0.016000  0.060000
drill  0.000000
shape_offset  0.000000  0.000000
orientation  0.00
Shape  Rect
Layer  component
$EndPAD
$PAD "18"
position  0.031500  0.225000
size  0.016000  0.060000
drill  0.000000
shape_offset  0.000000  0.000000
orientation  0.00
Shape  Rect
Layer  component
$EndPAD
$PAD "19"
position  0.063000  0.225000
size  0.016000  0.060000
drill  0.000000
shape_offset  0.000000  0.000000
orientation  0.00
Shape  Rect
Layer  component
$EndPAD
$PAD "20"
position  0.094500  0.225000
size  0.016000  0.060000
drill  0.000000
shape_offset  0.000000  0.000000
orientation  0.00
Shape  Rect
Layer  component
$EndPAD
$PAD "21"
position  0.126000  0.225000
size  0.016000  0.060000
drill  0.000000
shape_offset  0.000000  0.000000
orientation  0.00
Shape  Rect
Layer  component
$EndPAD
$PAD "22"
position  0.157500  0.225000
size  0.016000  0.060000
drill  0.000000
shape_offset  0.000000  0.000000
orientation  0.00
Shape  Rect
Layer  component
$EndPAD
$PAD "6"
position -0.225000  0.000000
size  0.060000  0.016000
drill  0.000000
shape_offset  0.000000  0.000000
orientation  0.00
Shape  Rect
Layer  component
$EndPAD
$PAD "28"
position  0.225000  0.000000
size  0.060000  0.016000
drill  0.000000
shape_offset  0.000000  0.000000
orientation  0.00
Shape  Rect
Layer  component
$EndPAD
$PAD "7"
position -0.225000  0.031500
size  0.060000  0.016000
drill  0.000000
shape_offset  0.000000  0.000000
orientation  0.00
Shape  Rect
Layer  component
$EndPAD
$PAD "27"
position  0.225000  0.031500
size  0.060000  0.016000
drill  0.000000
shape_offset  0.000000  0.000000
orientation  0.00
Shape  Rect
Layer  component
$EndPAD
$PAD "26"
position  0.225000  0.063000
size  0.060000  0.016000
drill  0.000000
shape_offset  0.000000  0.000000
orientation  0.00
Shape  Rect
Layer  component
$EndPAD
$PAD "8"
position -0.225000  0.063000
size  0.060000  0.016000
drill  0.000000
shape_offset  0.000000  0.000000
orientation  0.00
Shape  Rect
Layer  component
$EndPAD
$PAD "9"
position -0.225000  0.094500
size  0.060000  0.016000
drill  0.000000
shape_offset  0.000000  0.000000
orientation  0.00
Shape  Rect
Layer  component
$EndPAD
$PAD "25"
position  0.225000  0.094500
size  0.060000  0.016000
drill  0.000000
shape_offset  0.000000  0.000000
orientation  0.00
Shape  Rect
Layer  component
$EndPAD
$PAD "24"
position  0.225000  0.126000
size  0.060000  0.016000
drill  0.000000
shape_offset  0.000000  0.000000
orientation  0.00
Shape  Rect
Layer  component
$EndPAD
$PAD "10"
position -0.225000  0.126000
size  0.060000  0.016000
drill  0.000000
shape_offset  0.000000  0.000000
orientation  0.00
Shape  Rect
Layer  component
$EndPAD
$PAD "11"
position -0.225000  0.157500
size  0.060000  0.016000
drill  0.000000
shape_offset  0.000000  0.000000
orientation  0.00
Shape  Rect
Layer  component
$EndPAD
$PAD "23"
position  0.225000  0.157500
size  0.060000  0.016000
drill  0.000000
shape_offset  0.000000  0.000000
orientation  0.00
Shape  Rect
Layer  component
$EndPAD
$PAD "29"
position  0.225000 -0.031500
size  0.060000  0.016000
drill  0.000000
shape_offset  0.000000  0.000000
orientation  0.00
Shape  Rect
Layer  component
$EndPAD
$PAD "5"
position -0.225000 -0.031500
size  0.060000  0.016000
drill  0.000000
shape_offset  0.000000  0.000000
orientation  0.00
Shape  Rect
Layer  component
$EndPAD
$PAD "4"
position -0.225000 -0.063000
size  0.060000  0.016000
drill  0.000000
shape_offset  0.000000  0.000000
orientation  0.00
Shape  Rect
Layer  component
$EndPAD
$PAD "30"
position  0.225000 -0.063000
size  0.060000  0.016000
drill  0.000000
shape_offset  0.000000  0.000000
orientation  0.00
Shape  Rect
Layer  component
$EndPAD
$PAD "31"
position  0.225000 -0.094500
size  0.060000  0.016000
drill  0.000000
shape_offset  0.000000  0.000000
orientation  0.00
Shape  Rect
Layer  component
$EndPAD
$PAD "3"
position -0.225000 -0.094500
size  0.060000  0.016000
drill  0.000000
shape_offset  0.000000  0.000000
orientation  0.00
Shape  Rect
Layer  component
$EndPAD
$PAD "2"
position -0.225000 -0.126000
size  0.060000  0.016000
drill  0.000000
shape_offset  0.000000  0.000000
orientation  0.00
Shape  Rect
Layer  component
$EndPAD
$PAD "32"
position  0.225000 -0.126000
size  0.060000  0.016000
drill  0.000000
shape_offset  0.000000  0.000000
orientation  0.00
Shape  Rect
Layer  component
$EndPAD
$PAD "33"
position  0.225000 -0.157500
size  0.060000  0.016000
drill  0.000000
shape_offset  0.000000  0.000000
orientation  0.00
Shape  Rect
Layer  component
$EndPAD
$PAD "1"
position -0.225000 -0.157500
size  0.060000  0.016000
drill  0.000000
shape_offset  0.000000  0.000000
orientation  0.00
Shape  Rect
Layer  component
$EndPAD
$EndMODULE  U1

$MODULE "U2"
reference "U2"
value "5V"
footprint "SOT23-5"
attribut smd
position  5.147500  2.107500
orientation  180.00
layer component
$SHAPE3D
Na "smd/SOT23_5.wrl"
Sc 0.1 0.1 0.1
Of 0 0 0
Ro 0 0 0
$EndSHAPE3D
$PAD "1"
position -0.037500  0.050000
size  0.020000  0.030000
drill  0.000000
shape_offset  0.000000  0.000000
orientation  0.00
Shape  Rect
Layer  component
$EndPAD
$PAD "3"
position  0.037500  0.050000
size  0.020000  0.030000
drill  0.000000
shape_offset  0.000000  0.000000
orientation  0.00
Shape  Rect
Layer  component
$EndPAD
$PAD "5"
position -0.037500 -0.050000
size  0.020000  0.030000
drill  0.000000
shape_offset  0.000000  0.000000
orientation  0.00
Shape  Rect
Layer  component
$EndPAD
$PAD "2"
position  0.000000  0.050000
size  0.020000  0.030000
drill  0.000000
shape_offset  0.000000  0.000000
orientation  0.00
Shape  Rect
Layer  component
$EndPAD
$PAD "4"
position  0.037500 -0.050000
size  0.020000  0.030000
drill  0.000000
shape_offset  0.000000  0.000000
orientation  0.00
Shape  Rect
Layer  component
$EndPAD
$EndMODULE  U2

$MODULE "U3"
reference "U3"
value "3.3V"
footprint "SOT23-5"
attribut smd
position  5.147500  2.407500
orientation  180.00
layer component
$SHAPE3D
Na "smd/SOT23_5.wrl"
Sc 0.1 0.1 0.1
Of 0 0 0
Ro 0 0 0
$EndSHAPE3D
$PAD "1"
position -0.037500  0.050000
size  0.020000  0.030000
drill  0.000000
shape_offset  0.000000  0.000000
orientation  0.00
Shape  Rect
Layer  component
$EndPAD
$PAD "3"
position  0.037500  0.050000
size  0.020000  0.030000
drill  0.000000
shape_offset  0.000000  0.000000
orientation  0.00
Shape  Rect
Layer  component
$EndPAD
$PAD "5"
position -0.037500 -0.050000
size  0.020000  0.030000
drill  0.000000
shape_offset  0.000000  0.000000
orientation  0.00
Shape  Rect
Layer  component
$EndPAD
$PAD "2"
position  0.000000  0.050000
size  0.020000  0.030000
drill  0.000000
shape_offset  0.000000  0.000000
orientation  0.00
Shape  Rect
Layer  component
$EndPAD
$PAD "4"
position  0.037500 -0.050000
size  0.020000  0.030000
drill  0.000000
shape_offset  0.000000  0.000000
orientation  0.00
Shape  Rect
Layer  component
$EndPAD
$EndMODULE  U3

$MODULE "D6"
reference "D6"
value "S01575"
footprint "SM1206POL"
attribut smd
position  5.570000  2.555000
orientation  0.00
layer component
$SHAPE3D
Na "smd/chip_cms_pol.wrl"
Sc 0.17 0.16 0.16
Of 0 0 0
Ro 0 0 0
$EndSHAPE3D
$PAD "2"
position -0.065000  0.000000
size  0.060000  0.080000
drill  0.000000
shape_offset  0.000000  0.000000
orientation  0.00
Shape  Rect
Layer  component
$EndPAD
$PAD "1"
position  0.065000  0.000000
size  0.060000  0.080000
drill  0.000000
shape_offset  0.000000  0.000000
orientation  0.00
Shape  Rect
Layer  component
$EndPAD
$EndMODULE  D6

$MODULE "C7"
reference "C7"
value "4.7 uF"
footprint "SM1206"
attribut smd
position  5.097500  2.557500
orientation  180.00
layer component
$SHAPE3D
Na "smd/chip_cms.wrl"
Sc 0.17 0.16 0.16
Of 0 0 0
Ro 0 0 0
$EndSHAPE3D
$PAD "1"
position -0.065000  0.000000
size  0.060000  0.080000
drill  0.000000
shape_offset  0.000000  0.000000
orientation  0.00
Shape  Rect
Layer  component
$EndPAD
$PAD "2"
position  0.065000  0.000000
size  0.060000  0.080000
drill  0.000000
shape_offset  0.000000  0.000000
orientation  0.00
Shape  Rect
Layer  component
$EndPAD
$EndMODULE  C7

$MODULE "C5"
reference "C5"
value "4.7 uF"
footprint "SM1206"
attribut smd
position  5.097500  2.257500
orientation  180.00
layer component
$SHAPE3D
Na "smd/chip_cms.wrl"
Sc 0.17 0.16 0.16
Of 0 0 0
Ro 0 0 0
$EndSHAPE3D
$PAD "1"
position -0.065000  0.000000
size  0.060000  0.080000
drill  0.000000
shape_offset  0.000000  0.000000
orientation  0.00
Shape  Rect
Layer  component
$EndPAD
$PAD "2"
position  0.065000  0.000000
size  0.060000  0.080000
drill  0.000000
shape_offset  0.000000  0.000000
orientation  0.00
Shape  Rect
Layer  component
$EndPAD
$EndMODULE  C5

$MODULE "C16"
reference "C16"
value "1 uF"
footprint "SM0603_Capa"
attribut smd
position  6.225000  2.855000
orientation  0.00
layer component
$SHAPE3D
Na "smd\\capacitors\\C0603.wrl"
Sc 0.5 0.5 0.5
Of 0 0 0.001
Ro 0 0 0
$EndSHAPE3D
$PAD "1"
position -0.030000  0.000000
size  0.025000  0.045000
drill  0.000000
shape_offset  0.000000  0.000000
orientation  0.00
Shape  Rect
Layer  component
$EndPAD
$PAD "2"
position  0.030000  0.000000
size  0.025000  0.045000
drill  0.000000
shape_offset  0.000000  0.000000
orientation  0.00
Shape  Rect
Layer  component
$EndPAD
$EndMODULE  C16

$MODULE "C15"
reference "C15"
value "1 uF"
footprint "SM0603_Capa"
attribut smd
position  6.100000  2.855000
orientation  0.00
layer component
$SHAPE3D
Na "smd\\capacitors\\C0603.wrl"
Sc 0.5 0.5 0.5
Of 0 0 0.001
Ro 0 0 0
$EndSHAPE3D
$PAD "1"
position -0.030000  0.000000
size  0.025000  0.045000
drill  0.000000
shape_offset  0.000000  0.000000
orientation  0.00
Shape  Rect
Layer  component
$EndPAD
$PAD "2"
position  0.030000  0.000000
size  0.025000  0.045000
drill  0.000000
shape_offset  0.000000  0.000000
orientation  0.00
Shape  Rect
Layer  component
$EndPAD
$EndMODULE  C15

$MODULE "C11"
reference "C11"
value "1 uF"
footprint "SM0603_Capa"
attribut smd
position  6.350000  2.235000
orientation  0.00
layer component
$SHAPE3D
Na "smd\\capacitors\\C0603.wrl"
Sc 0.5 0.5 0.5
Of 0 0 0.001
Ro 0 0 0
$EndSHAPE3D
$PAD "1"
position -0.030000  0.000000
size  0.025000  0.045000
drill  0.000000
shape_offset  0.000000  0.000000
orientation  0.00
Shape  Rect
Layer  component
$EndPAD
$PAD "2"
position  0.030000  0.000000
size  0.025000  0.045000
drill  0.000000
shape_offset  0.000000  0.000000
orientation  0.00
Shape  Rect
Layer  component
$EndPAD
$EndMODULE  C11

$MODULE "C2"
reference "C2"
value "1 uF"
footprint "SM0603_Capa"
attribut smd
position  6.410000  2.165000
orientation  0.00
layer component
$SHAPE3D
Na "smd\\capacitors\\C0603.wrl"
Sc 0.5 0.5 0.5
Of 0 0 0.001
Ro 0 0 0
$EndSHAPE3D
$PAD "1"
position -0.030000  0.000000
size  0.025000  0.045000
drill  0.000000
shape_offset  0.000000  0.000000
orientation  0.00
Shape  Rect
Layer  component
$EndPAD
$PAD "2"
position  0.030000  0.000000
size  0.025000  0.045000
drill  0.000000
shape_offset  0.000000  0.000000
orientation  0.00
Shape  Rect
Layer  component
$EndPAD
$EndMODULE  C2

$MODULE "C6"
reference "C6"
value ".01 uF"
footprint "SM0603_Capa"
attribut smd
position  5.022500  2.432500
orientation  90.00
layer component
$SHAPE3D
Na "smd\\capacitors\\C0603.wrl"
Sc 0.5 0.5 0.5
Of 0 0 0.001
Ro 0 0 0
$EndSHAPE3D
$PAD "1"
position -0.030000  0.000000
size  0.025000  0.045000
drill  0.000000
shape_offset  0.000000  0.000000
orientation  0.00
Shape  Rect
Layer  component
$EndPAD
$PAD "2"
position  0.030000  0.000000
size  0.025000  0.045000
drill  0.000000
shape_offset  0.000000  0.000000
orientation  0.00
Shape  Rect
Layer  component
$EndPAD
$EndMODULE  C6

$MODULE "R3"
reference "R3"
value "5V"
footprint "SM0603"
attribut smd
position  6.735000  1.655000
orientation  180.00
layer component
$SHAPE3D
Na "smd\\resistors\\R0603.wrl"
Sc 0.5 0.5 0.5
Of 0 0 0.001
Ro 0 0 0
$EndSHAPE3D
$PAD "1"
position -0.030000  0.000000
size  0.025000  0.045000
drill  0.000000
shape_offset  0.000000  0.000000
orientation  0.00
Shape  Rect
Layer  component
$EndPAD
$PAD "2"
position  0.030000  0.000000
size  0.025000  0.045000
drill  0.000000
shape_offset  0.000000  0.000000
orientation  0.00
Shape  Rect
Layer  component
$EndPAD
$EndMODULE  R3

$MODULE "R2"
reference "R2"
value "5V"
footprint "SM0603"
attribut smd
position  6.850000  1.695000
orientation  0.00
layer component
$SHAPE3D
Na "smd\\resistors\\R0603.wrl"
Sc 0.5 0.5 0.5
Of 0 0 0.001
Ro 0 0 0
$EndSHAPE3D
$PAD "1"
position -0.030000  0.000000
size  0.025000  0.045000
drill  0.000000
shape_offset  0.000000  0.000000
orientation  0.00
Shape  Rect
Layer  component
$EndPAD
$PAD "2"
position  0.030000  0.000000
size  0.025000  0.045000
drill  0.000000
shape_offset  0.000000  0.000000
orientation  0.00
Shape  Rect
Layer  component
$EndPAD
$EndMODULE  R2

$MODULE "R4"
reference "R4"
value "22"
footprint "SM0603"
attribut smd
position  6.350000  2.315000
orientation  180.00
layer component
$SHAPE3D
Na "smd\\resistors\\R0603.wrl"
Sc 0.5 0.5 0.5
Of 0 0 0.001
Ro 0 0 0
$EndSHAPE3D
$PAD "1"
position -0.030000  0.000000
size  0.025000  0.045000
drill  0.000000
shape_offset  0.000000  0.000000
orientation  0.00
Shape  Rect
Layer  component
$EndPAD
$PAD "2"
position  0.030000  0.000000
size  0.025000  0.045000
drill  0.000000
shape_offset  0.000000  0.000000
orientation  0.00
Shape  Rect
Layer  component
$EndPAD
$EndMODULE  R4

$MODULE "Z1"
reference "Z1"
value "300"
footprint "SM0603"
attribut smd
position  6.665000  1.585000
orientation  0.00
layer component
$SHAPE3D
Na "smd\\resistors\\R0603.wrl"
Sc 0.5 0.5 0.5
Of 0 0 0.001
Ro 0 0 0
$EndSHAPE3D
$PAD "1"
position -0.030000  0.000000
size  0.025000  0.045000
drill  0.000000
shape_offset  0.000000  0.000000
orientation  0.00
Shape  Rect
Layer  component
$EndPAD
$PAD "2"
position  0.030000  0.000000
size  0.025000  0.045000
drill  0.000000
shape_offset  0.000000  0.000000
orientation  0.00
Shape  Rect
Layer  component
$EndPAD
$EndMODULE  Z1

$MODULE "R5"
reference "R5"
value "22"
footprint "SM0603"
attribut smd
position  6.350000  2.385000
orientation  180.00
layer component
$SHAPE3D
Na "smd\\resistors\\R0603.wrl"
Sc 0.5 0.5 0.5
Of 0 0 0.001
Ro 0 0 0
$EndSHAPE3D
$PAD "1"
position -0.030000  0.000000
size  0.025000  0.045000
drill  0.000000
shape_offset  0.000000  0.000000
orientation  0.00
Shape  Rect
Layer  component
$EndPAD
$PAD "2"
position  0.030000  0.000000
size  0.025000  0.045000
drill  0.000000
shape_offset  0.000000  0.000000
orientation  0.00
Shape  Rect
Layer  component
$EndPAD
$EndMODULE  R5

$MODULE "Z2"
reference "Z2"
value "300"
footprint "SM0603"
attribut smd
position  5.610000  2.115000
orientation  270.00
layer component
$SHAPE3D
Na "smd\\resistors\\R0603.wrl"
Sc 0.5 0.5 0.5
Of 0 0 0.001
Ro 0 0 0
$EndSHAPE3D
$PAD "1"
position -0.030000  0.000000
size  0.025000  0.045000
drill  0.000000
shape_offset  0.000000  0.000000
orientation  0.00
Shape  Rect
Layer  component
$EndPAD
$PAD "2"
position  0.030000  0.000000
size  0.025000  0.045000
drill  0.000000
shape_offset  0.000000  0.000000
orientation  0.00
Shape  Rect
Layer  component
$EndPAD
$EndMODULE  Z2

$MODULE "D2"
reference "D2"
value "MBR0530"
footprint "MBR0530"
attribut smd
position  4.675000  1.835000
orientation  0.00
layer component
$SHAPE3D
Na "MiniMELF_DO213AA_Faktor03937_RevA_06Sep2012.wrl"
Sc 0.3937 0.3937 0.3937
Of 0 0 0
Ro 0 0 0
$EndSHAPE3D
$PAD "1"
position -0.064961  0.000000
size  0.049213  0.059055
drill  0.000000
shape_offset  0.000000  0.000000
orientation  0.00
Shape  Rect
Layer  component
$EndPAD
$PAD "2"
position  0.064961  0.000000
size  0.049213  0.059055
drill  0.000000
shape_offset  0.000000  0.000000
orientation  0.00
Shape  Rect
Layer  component
$EndPAD
$EndMODULE  D2

$MODULE "D4"
reference "D4"
value "MBR0530"
footprint "MBR0530"
attribut smd
position  6.950000  3.135000
orientation  270.00
layer component
$SHAPE3D
Na "MiniMELF_DO213AA_Faktor03937_RevA_06Sep2012.wrl"
Sc 0.3937 0.3937 0.3937
Of 0 0 0
Ro 0 0 0
$EndSHAPE3D
$PAD "1"
position -0.064961  0.000000
size  0.049213  0.059055
drill  0.000000
shape_offset  0.000000  0.000000
orientation  0.00
Shape  Rect
Layer  component
$EndPAD
$PAD "2"
position  0.064961  0.000000
size  0.049213  0.059055
drill  0.000000
shape_offset  0.000000  0.000000
orientation  0.00
Shape  Rect
Layer  component
$EndPAD
$EndMODULE  D4

$MODULE "D5"
reference "D5"
value "MBR0530"
footprint "MBR0530"
attribut smd
position  7.075000  3.135000
orientation  270.00
layer component
$SHAPE3D
Na "MiniMELF_DO213AA_Faktor03937_RevA_06Sep2012.wrl"
Sc 0.3937 0.3937 0.3937
Of 0 0 0
Ro 0 0 0
$EndSHAPE3D
$PAD "1"
position -0.064961  0.000000
size  0.049213  0.059055
drill  0.000000
shape_offset  0.000000  0.000000
orientation  0.00
Shape  Rect
Layer  component
$EndPAD
$PAD "2"
position  0.064961  0.000000
size  0.049213  0.059055
drill  0.000000
shape_offset  0.000000  0.000000
orientation  0.00
Shape  Rect
Layer  component
$EndPAD
$EndMODULE  D5

$MODULE "MH3"
reference "MH3"
value "TOOLING"
footprint "hole_5mm"
attribut virtual
position  7.350000  4.160000
orientation  0.00
layer component
$SHAPE3D
Na "walter/details/hole.wrl"
Sc 1 1 1
Of 0 0 0
Ro 0 0 0
$EndSHAPE3D
$PAD ""
position -0.050000  0.000000
size  0.196900  0.196900
drill  0.196900
shape_offset  0.000000  0.000000
orientation  0.00
Shape  Circ
Layer  all
$EndPAD
$EndMODULE  MH3

$MODULE "MH4"
reference "MH4"
value "TOOLING"
footprint "hole_5mm"
attribut virtual
position  4.175000  4.160000
orientation  0.00
layer component
$SHAPE3D
Na "walter/details/hole.wrl"
Sc 1 1 1
Of 0 0 0
Ro 0 0 0
$EndSHAPE3D
$PAD ""
position -0.050000  0.000000
size  0.196900  0.196900
drill  0.196900
shape_offset  0.000000  0.000000
orientation  0.00
Shape  Circ
Layer  all
$EndPAD
$EndMODULE  MH4

$MODULE "Y1"
reference "Y1"
value "8.000 MHz"
footprint "CRYSTAL_SMD_4824_4"
attribut smd
position  6.140000  1.815000
orientation  0.00
layer component
$SHAPE3D
Na "discret/xtal/xtal_ret.wrl"
Sc 0.5 0.25 0.5
Of 0 0 0
Ro 0 0 0
$EndSHAPE3D
$PAD "1"
position -0.102500  0.070000
size  0.095000  0.095000
drill  0.000000
shape_offset  0.000000  0.000000
orientation  0.00
Shape  Rect
Layer  component
$EndPAD
$PAD "2"
position  0.102500  0.070000
size  0.095000  0.095000
drill  0.000000
shape_offset  0.000000  0.000000
orientation  0.00
Shape  Rect
Layer  component
$EndPAD
$PAD "3"
position  0.102500 -0.070000
size  0.095000  0.095000
drill  0.000000
shape_offset  0.000000  0.000000
orientation  0.00
Shape  Rect
Layer  component
$EndPAD
$PAD "4"
position -0.102500 -0.070000
size  0.095000  0.095000
drill  0.000000
shape_offset  0.000000  0.000000
orientation  0.00
Shape  Rect
Layer  component
$EndPAD
$EndMODULE  Y1

$MODULE "F1"
reference "F1"
value ".5 A"
footprint "SM1206"
attribut smd
position  6.925000  1.605000
orientation  0.00
layer component
$SHAPE3D
Na "smd/chip_cms.wrl"
Sc 0.17 0.16 0.16
Of 0 0 0
Ro 0 0 0
$EndSHAPE3D
$PAD "1"
position -0.065000  0.000000
size  0.060000  0.080000
drill  0.000000
shape_offset  0.000000  0.000000
orientation  0.00
Shape  Rect
Layer  component
$EndPAD
$PAD "2"
position  0.065000  0.000000
size  0.060000  0.080000
drill  0.000000
shape_offset  0.000000  0.000000
orientation  0.00
Shape  Rect
Layer  component
$EndPAD
$EndMODULE  F1

$MODULE "C9"
reference "C9"
value "1 uF"
footprint "SM0603_Capa"
attribut smd
position  5.795000  2.570000
orientation  0.00
layer component
$SHAPE3D
Na "smd\\capacitors\\C0603.wrl"
Sc 0.5 0.5 0.5
Of 0 0 0.001
Ro 0 0 0
$EndSHAPE3D
$PAD "1"
position -0.030000  0.000000
size  0.025000  0.045000
drill  0.000000
shape_offset  0.000000  0.000000
orientation  0.00
Shape  Rect
Layer  component
$EndPAD
$PAD "2"
position  0.030000  0.000000
size  0.025000  0.045000
drill  0.000000
shape_offset  0.000000  0.000000
orientation  0.00
Shape  Rect
Layer  component
$EndPAD
$EndMODULE  C9

$MODULE "C13"
reference "C13"
value "18 pF"
footprint "SM0603_Capa"
attribut smd
position  6.425000  1.885000
orientation  270.00
layer component
$SHAPE3D
Na "smd\\capacitors\\C0603.wrl"
Sc 0.5 0.5 0.5
Of 0 0 0.001
Ro 0 0 0
$EndSHAPE3D
$PAD "1"
position -0.030000  0.000000
size  0.025000  0.045000
drill  0.000000
shape_offset  0.000000  0.000000
orientation  0.00
Shape  Rect
Layer  component
$EndPAD
$PAD "2"
position  0.030000  0.000000
size  0.025000  0.045000
drill  0.000000
shape_offset  0.000000  0.000000
orientation  0.00
Shape  Rect
Layer  component
$EndPAD
$EndMODULE  C13

$MODULE "C12"
reference "C12"
value "18 pF"
footprint "SM0603_Capa"
attribut smd
position  6.500000  1.885000
orientation  270.00
layer component
$SHAPE3D
Na "smd\\capacitors\\C0603.wrl"
Sc 0.5 0.5 0.5
Of 0 0 0.001
Ro 0 0 0
$EndSHAPE3D
$PAD "1"
position -0.030000  0.000000
size  0.025000  0.045000
drill  0.000000
shape_offset  0.000000  0.000000
orientation  0.00
Shape  Rect
Layer  component
$EndPAD
$PAD "2"
position  0.030000  0.000000
size  0.025000  0.045000
drill  0.000000
shape_offset  0.000000  0.000000
orientation  0.00
Shape  Rect
Layer  component
$EndPAD
$EndMODULE  C12

$MODULE "C3"
reference "C3"
value "4.7 uF"
footprint "SM1206"
attribut smd
position  5.097500  1.957500
orientation  180.00
layer component
$SHAPE3D
Na "smd/chip_cms.wrl"
Sc 0.17 0.16 0.16
Of 0 0 0
Ro 0 0 0
$EndSHAPE3D
$PAD "1"
position -0.065000  0.000000
size  0.060000  0.080000
drill  0.000000
shape_offset  0.000000  0.000000
orientation  0.00
Shape  Rect
Layer  component
$EndPAD
$PAD "2"
position  0.065000  0.000000
size  0.060000  0.080000
drill  0.000000
shape_offset  0.000000  0.000000
orientation  0.00
Shape  Rect
Layer  component
$EndPAD
$EndMODULE  C3

$MODULE "C17"
reference "C17"
value ".1 uF"
footprint "SM0603_Capa"
attribut smd
position  5.560000  2.855000
orientation  0.00
layer component
$SHAPE3D
Na "smd\\capacitors\\C0603.wrl"
Sc 0.5 0.5 0.5
Of 0 0 0.001
Ro 0 0 0
$EndSHAPE3D
$PAD "1"
position -0.030000  0.000000
size  0.025000  0.045000
drill  0.000000
shape_offset  0.000000  0.000000
orientation  0.00
Shape  Rect
Layer  component
$EndPAD
$PAD "2"
position  0.030000  0.000000
size  0.025000  0.045000
drill  0.000000
shape_offset  0.000000  0.000000
orientation  0.00
Shape  Rect
Layer  component
$EndPAD
$EndMODULE  C17

$MODULE "C18"
reference "C18"
value ".1 uF"
footprint "SM0603_Capa"
attribut smd
position  6.905000  2.900000
orientation  90.00
layer component
$SHAPE3D
Na "smd\\capacitors\\C0603.wrl"
Sc 0.5 0.5 0.5
Of 0 0 0.001
Ro 0 0 0
$EndSHAPE3D
$PAD "1"
position -0.030000  0.000000
size  0.025000  0.045000
drill  0.000000
shape_offset  0.000000  0.000000
orientation  0.00
Shape  Rect
Layer  component
$EndPAD
$PAD "2"
position  0.030000  0.000000
size  0.025000  0.045000
drill  0.000000
shape_offset  0.000000  0.000000
orientation  0.00
Shape  Rect
Layer  component
$EndPAD
$EndMODULE  C18

$MODULE "R13"
reference "R13"
value "10K"
footprint "SM0603"
attribut smd
position  5.825000  1.685000
orientation  0.00
layer component
$SHAPE3D
Na "smd\\resistors\\R0603.wrl"
Sc 0.5 0.5 0.5
Of 0 0 0.001
Ro 0 0 0
$EndSHAPE3D
$PAD "1"
position -0.030000  0.000000
size  0.025000  0.045000
drill  0.000000
shape_offset  0.000000  0.000000
orientation  0.00
Shape  Rect
Layer  component
$EndPAD
$PAD "2"
position  0.030000  0.000000
size  0.025000  0.045000
drill  0.000000
shape_offset  0.000000  0.000000
orientation  0.00
Shape  Rect
Layer  component
$EndPAD
$EndMODULE  R13

$MODULE "C19"
reference "C19"
value ".1 uF"
footprint "SM0603_Capa"
attribut smd
position  6.078000  1.986000
orientation  180.00
layer component
$SHAPE3D
Na "smd\\capacitors\\C0603.wrl"
Sc 0.5 0.5 0.5
Of 0 0 0.001
Ro 0 0 0
$EndSHAPE3D
$PAD "1"
position -0.030000  0.000000
size  0.025000  0.045000
drill  0.000000
shape_offset  0.000000  0.000000
orientation  0.00
Shape  Rect
Layer  component
$EndPAD
$PAD "2"
position  0.030000  0.000000
size  0.025000  0.045000
drill  0.000000
shape_offset  0.000000  0.000000
orientation  0.00
Shape  Rect
Layer  component
$EndPAD
$EndMODULE  C19

$MODULE "C20"
reference "C20"
value ".1 uF"
footprint "SM0603_Capa"
attribut smd
position  5.685000  2.115000
orientation  90.00
layer component
$SHAPE3D
Na "smd\\capacitors\\C0603.wrl"
Sc 0.5 0.5 0.5
Of 0 0 0.001
Ro 0 0 0
$EndSHAPE3D
$PAD "1"
position -0.030000  0.000000
size  0.025000  0.045000
drill  0.000000
shape_offset  0.000000  0.000000
orientation  0.00
Shape  Rect
Layer  component
$EndPAD
$PAD "2"
position  0.030000  0.000000
size  0.025000  0.045000
drill  0.000000
shape_offset  0.000000  0.000000
orientation  0.00
Shape  Rect
Layer  component
$EndPAD
$EndMODULE  C20

$MODULE "(C) 2014 WORKSHOP88"
reference "(C) 2014 WORKSHOP88"
value "P. Reich"
footprint "WS88_LOGO_TRACE"
attribut none
position  3.850000  1.810000
orientation  0.00
layer component
$EndMODULE  (C) 2014 WORKSHOP88

$MODULE "B1"
reference "B1"
value "CR2032"
footprint "SOCK_2032_THM"
attribut none
position  7.385000  3.500000
orientation  270.00
layer copper
$PAD "1"
position -0.410000  0.060000
size  0.090000  0.090000
drill  0.038189
shape_offset  0.000000  0.000000
orientation  0.00
Shape  Circ
Layer  all
$EndPAD
$PAD "2"
position -0.410000 -0.060000
size  0.090000  0.090000
drill  0.038189
shape_offset  0.000000  0.000000
orientation  0.00
Shape  Circ
Layer  all
$EndPAD
$PAD "3"
position  0.000000  0.000000
size  0.690000  0.690000
drill  0.038189
shape_offset  0.000000  0.000000
orientation  0.00
Shape  Circ
Layer  copper
$EndPAD
$PAD "4"
position  0.410000  0.060000
size  0.090000  0.090000
drill  0.038189
shape_offset  0.000000  0.000000
orientation  0.00
Shape  Circ
Layer  all
$EndPAD
$PAD "5"
position  0.410000 -0.060000
size  0.090000  0.090000
drill  0.038189
shape_offset  0.000000  0.000000
orientation  0.00
Shape  Circ
Layer  all
$EndPAD
$EndMODULE  B1

$MODULE "B2"
reference "B2"
value "CR2032"
footprint "SOCK_2032_THM"
attribut none
position  4.065000  3.500000
orientation  90.00
layer copper
$PAD "1"
position -0.410000  0.060000
size  0.090000  0.090000
drill  0.038189
shape_offset  0.000000  0.000000
orientation  0.00
Shape  Circ
Layer  all
$EndPAD
$PAD "2"
position -0.410000 -0.060000
size  0.090000  0.090000
drill  0.038189
shape_offset  0.000000  0.000000
orientation  0.00
Shape  Circ
Layer  all
$EndPAD
$PAD "3"
position  0.000000  0.000000
size  0.690000  0.690000
drill  0.038189
shape_offset  0.000000  0.000000
orientation  0.00
Shape  Circ
Layer  copper
$EndPAD
$PAD "4"
position  0.410000  0.060000
size  0.090000  0.090000
drill  0.038189
shape_offset  0.000000  0.000000
orientation  0.00
Shape  Circ
Layer  all
$EndPAD
$PAD "5"
position  0.410000 -0.060000
size  0.090000  0.090000
drill  0.038189
shape_offset  0.000000  0.000000
orientation  0.00
Shape  Circ
Layer  all
$EndPAD
$EndMODULE  B2

$MODULE "S4"
reference "S4"
value "UP"
footprint "PB_NO_6x6"
attribut none
position  7.200000  2.060000
orientation  90.00
layer copper
$SHAPE3D
Na "device/switch_push.wrl"
Sc 0.6 0.6 0.6
Of 0 0 0
Ro 0 0 0
$EndSHAPE3D
$PAD "1"
position -0.127953  0.088583
size  0.080000  0.080000
drill  0.039370
shape_offset  0.000000  0.000000
orientation  0.00
Shape  Circ
Layer  all
$EndPAD
$PAD "4"
position  0.127953 -0.086614
size  0.080000  0.080000
drill  0.039370
shape_offset  0.000000  0.000000
orientation  0.00
Shape  Circ
Layer  all
$EndPAD
$PAD "3"
position -0.127953 -0.086614
size  0.080000  0.080000
drill  0.039370
shape_offset  0.000000  0.000000
orientation  0.00
Shape  Circ
Layer  all
$EndPAD
$PAD "2"
position  0.127953  0.086614
size  0.080000  0.080000
drill  0.039370
shape_offset  0.000000  0.000000
orientation  0.00
Shape  Circ
Layer  all
$EndPAD
$EndMODULE  S4

$MODULE "S1"
reference "S1"
value "A"
footprint "PB_NO_6x6"
attribut none
position  3.950000  2.360000
orientation  90.00
layer copper
$SHAPE3D
Na "device/switch_push.wrl"
Sc 0.6 0.6 0.6
Of 0 0 0
Ro 0 0 0
$EndSHAPE3D
$PAD "1"
position -0.127953  0.088583
size  0.080000  0.080000
drill  0.039370
shape_offset  0.000000  0.000000
orientation  0.00
Shape  Circ
Layer  all
$EndPAD
$PAD "4"
position  0.127953 -0.086614
size  0.080000  0.080000
drill  0.039370
shape_offset  0.000000  0.000000
orientation  0.00
Shape  Circ
Layer  all
$EndPAD
$PAD "3"
position -0.127953 -0.086614
size  0.080000  0.080000
drill  0.039370
shape_offset  0.000000  0.000000
orientation  0.00
Shape  Circ
Layer  all
$EndPAD
$PAD "2"
position  0.127953  0.086614
size  0.080000  0.080000
drill  0.039370
shape_offset  0.000000  0.000000
orientation  0.00
Shape  Circ
Layer  all
$EndPAD
$EndMODULE  S1

$MODULE "S2"
reference "S2"
value "B"
footprint "PB_NO_6x6"
attribut none
position  4.550000  2.360000
orientation  90.00
layer copper
$SHAPE3D
Na "device/switch_push.wrl"
Sc 0.6 0.6 0.6
Of 0 0 0
Ro 0 0 0
$EndSHAPE3D
$PAD "1"
position -0.127953  0.088583
size  0.080000  0.080000
drill  0.039370
shape_offset  0.000000  0.000000
orientation  0.00
Shape  Circ
Layer  all
$EndPAD
$PAD "4"
position  0.127953 -0.086614
size  0.080000  0.080000
drill  0.039370
shape_offset  0.000000  0.000000
orientation  0.00
Shape  Circ
Layer  all
$EndPAD
$PAD "3"
position -0.127953 -0.086614
size  0.080000  0.080000
drill  0.039370
shape_offset  0.000000  0.000000
orientation  0.00
Shape  Circ
Layer  all
$EndPAD
$PAD "2"
position  0.127953  0.086614
size  0.080000  0.080000
drill  0.039370
shape_offset  0.000000  0.000000
orientation  0.00
Shape  Circ
Layer  all
$EndPAD
$EndMODULE  S2

$MODULE "S3"
reference "S3"
value "RST"
footprint "PB_NO_6x6"
attribut none
position  4.690000  3.175000
orientation  0.00
layer copper
$SHAPE3D
Na "device/switch_push.wrl"
Sc 0.6 0.6 0.6
Of 0 0 0
Ro 0 0 0
$EndSHAPE3D
$PAD "1"
position -0.127953  0.088583
size  0.080000  0.080000
drill  0.039370
shape_offset  0.000000  0.000000
orientation  -0.00
Shape  Circ
Layer  all
$EndPAD
$PAD "4"
position  0.127953 -0.086614
size  0.080000  0.080000
drill  0.039370
shape_offset  0.000000  0.000000
orientation  -0.00
Shape  Circ
Layer  all
$EndPAD
$PAD "3"
position -0.127953 -0.086614
size  0.080000  0.080000
drill  0.039370
shape_offset  0.000000  0.000000
orientation  -0.00
Shape  Circ
Layer  all
$EndPAD
$PAD "2"
position  0.127953  0.086614
size  0.080000  0.080000
drill  0.039370
shape_offset  0.000000  0.000000
orientation  -0.00
Shape  Circ
Layer  all
$EndPAD
$EndMODULE  S3

$MODULE "S6"
reference "S6"
value "DWN"
footprint "PB_NO_6x6"
attribut none
position  7.200000  2.660000
orientation  90.00
layer copper
$SHAPE3D
Na "device/switch_push.wrl"
Sc 0.6 0.6 0.6
Of 0 0 0
Ro 0 0 0
$EndSHAPE3D
$PAD "1"
position -0.127953  0.088583
size  0.080000  0.080000
drill  0.039370
shape_offset  0.000000  0.000000
orientation  0.00
Shape  Circ
Layer  all
$EndPAD
$PAD "4"
position  0.127953 -0.086614
size  0.080000  0.080000
drill  0.039370
shape_offset  0.000000  0.000000
orientation  0.00
Shape  Circ
Layer  all
$EndPAD
$PAD "3"
position -0.127953 -0.086614
size  0.080000  0.080000
drill  0.039370
shape_offset  0.000000  0.000000
orientation  0.00
Shape  Circ
Layer  all
$EndPAD
$PAD "2"
position  0.127953  0.086614
size  0.080000  0.080000
drill  0.039370
shape_offset  0.000000  0.000000
orientation  0.00
Shape  Circ
Layer  all
$EndPAD
$EndMODULE  S6

$MODULE "S7"
reference "S7"
value "LFT"
footprint "PB_NO_6x6"
attribut none
position  7.500000  2.360000
orientation  90.00
layer copper
$SHAPE3D
Na "device/switch_push.wrl"
Sc 0.6 0.6 0.6
Of 0 0 0
Ro 0 0 0
$EndSHAPE3D
$PAD "1"
position -0.127953  0.088583
size  0.080000  0.080000
drill  0.039370
shape_offset  0.000000  0.000000
orientation  0.00
Shape  Circ
Layer  all
$EndPAD
$PAD "4"
position  0.127953 -0.086614
size  0.080000  0.080000
drill  0.039370
shape_offset  0.000000  0.000000
orientation  0.00
Shape  Circ
Layer  all
$EndPAD
$PAD "3"
position -0.127953 -0.086614
size  0.080000  0.080000
drill  0.039370
shape_offset  0.000000  0.000000
orientation  0.00
Shape  Circ
Layer  all
$EndPAD
$PAD "2"
position  0.127953  0.086614
size  0.080000  0.080000
drill  0.039370
shape_offset  0.000000  0.000000
orientation  0.00
Shape  Circ
Layer  all
$EndPAD
$EndMODULE  S7

$MODULE "S5"
reference "S5"
value "RGT"
footprint "PB_NO_6x6"
attribut none
position  6.900000  2.360000
orientation  90.00
layer copper
$SHAPE3D
Na "device/switch_push.wrl"
Sc 0.6 0.6 0.6
Of 0 0 0
Ro 0 0 0
$EndSHAPE3D
$PAD "1"
position -0.127953  0.088583
size  0.080000  0.080000
drill  0.039370
shape_offset  0.000000  0.000000
orientation  0.00
Shape  Circ
Layer  all
$EndPAD
$PAD "4"
position  0.127953 -0.086614
size  0.080000  0.080000
drill  0.039370
shape_offset  0.000000  0.000000
orientation  0.00
Shape  Circ
Layer  all
$EndPAD
$PAD "3"
position -0.127953 -0.086614
size  0.080000  0.080000
drill  0.039370
shape_offset  0.000000  0.000000
orientation  0.00
Shape  Circ
Layer  all
$EndPAD
$PAD "2"
position  0.127953  0.086614
size  0.080000  0.080000
drill  0.039370
shape_offset  0.000000  0.000000
orientation  0.00
Shape  Circ
Layer  all
$EndPAD
$EndMODULE  S5

$MODULE "J4"
reference "J4"
value "DIGITAL_1"
footprint "SIL-10-MOD"
attribut none
position  5.090000  1.410000
orientation  180.00
layer component
$PAD "1"
position -0.450000  0.000000
size  0.060000  0.100000
drill  0.031496
shape_offset  0.000000  0.000000
orientation  0.00
Shape  Rect
Layer  all
$EndPAD
$PAD "2"
position -0.350000  0.000000
size  0.060000  0.100000
drill  0.031496
shape_offset  0.000000  0.000000
orientation  0.00
Shape  Oval
Layer  all
$EndPAD
$PAD "3"
position -0.250000  0.000000
size  0.060000  0.100000
drill  0.031496
shape_offset  0.000000  0.000000
orientation  0.00
Shape  Oval
Layer  all
$EndPAD
$PAD "4"
position -0.150000  0.000000
size  0.060000  0.100000
drill  0.031496
shape_offset  0.000000  0.000000
orientation  0.00
Shape  Oval
Layer  all
$EndPAD
$PAD "5"
position -0.050000  0.000000
size  0.060000  0.100000
drill  0.031496
shape_offset  0.000000  0.000000
orientation  0.00
Shape  Oval
Layer  all
$EndPAD
$PAD "6"
position  0.050000  0.000000
size  0.060000  0.100000
drill  0.031496
shape_offset  0.000000  0.000000
orientation  0.00
Shape  Oval
Layer  all
$EndPAD
$PAD "7"
position  0.150000  0.000000
size  0.060000  0.100000
drill  0.031496
shape_offset  0.000000  0.000000
orientation  0.00
Shape  Oval
Layer  all
$EndPAD
$PAD "8"
position  0.250000  0.000000
size  0.060000  0.100000
drill  0.031496
shape_offset  0.000000  0.000000
orientation  0.00
Shape  Oval
Layer  all
$EndPAD
$PAD "9"
position  0.350000  0.000000
size  0.060000  0.100000
drill  0.031496
shape_offset  0.000000  0.000000
orientation  0.00
Shape  Oval
Layer  all
$EndPAD
$PAD "10"
position  0.450000  0.000000
size  0.060000  0.100000
drill  0.031496
shape_offset  0.000000  0.000000
orientation  0.00
Shape  Oval
Layer  all
$EndPAD
$EndMODULE  J4

$MODULE "J3"
reference "J3"
value "DIGITAL_0"
footprint "SIL-8"
attribut none
position  6.050000  1.410000
orientation  180.00
layer component
$PAD "1"
position -0.350000  0.000000
size  0.060000  0.100000
drill  0.031496
shape_offset  0.000000  0.000000
orientation  0.00
Shape  Rect
Layer  all
$EndPAD
$PAD "2"
position -0.250000  0.000000
size  0.060000  0.100000
drill  0.031496
shape_offset  0.000000  0.000000
orientation  0.00
Shape  Oval
Layer  all
$EndPAD
$PAD "3"
position -0.150000  0.000000
size  0.060000  0.100000
drill  0.031496
shape_offset  0.000000  0.000000
orientation  0.00
Shape  Oval
Layer  all
$EndPAD
$PAD "4"
position -0.050000  0.000000
size  0.060000  0.100000
drill  0.031496
shape_offset  0.000000  0.000000
orientation  0.00
Shape  Oval
Layer  all
$EndPAD
$PAD "5"
position  0.050000  0.000000
size  0.060000  0.100000
drill  0.031496
shape_offset  0.000000  0.000000
orientation  0.00
Shape  Oval
Layer  all
$EndPAD
$PAD "6"
position  0.150000  0.000000
size  0.060000  0.100000
drill  0.031496
shape_offset  0.000000  0.000000
orientation  0.00
Shape  Oval
Layer  all
$EndPAD
$PAD "7"
position  0.250000  0.000000
size  0.060000  0.100000
drill  0.031496
shape_offset  0.000000  0.000000
orientation  0.00
Shape  Oval
Layer  all
$EndPAD
$PAD "8"
position  0.350000  0.000000
size  0.060000  0.100000
drill  0.031496
shape_offset  0.000000  0.000000
orientation  0.00
Shape  Oval
Layer  all
$EndPAD
$EndMODULE  J3

$MODULE "J1"
reference "J1"
value "POWER"
footprint "SIL-8"
attribut none
position  5.350000  3.310000
orientation  0.00
layer component
$PAD "1"
position -0.350000  0.000000
size  0.060000  0.100000
drill  0.031496
shape_offset  0.000000  0.000000
orientation  0.00
Shape  Rect
Layer  all
$EndPAD
$PAD "2"
position -0.250000  0.000000
size  0.060000  0.100000
drill  0.031496
shape_offset  0.000000  0.000000
orientation  0.00
Shape  Oval
Layer  all
$EndPAD
$PAD "3"
position -0.150000  0.000000
size  0.060000  0.100000
drill  0.031496
shape_offset  0.000000  0.000000
orientation  0.00
Shape  Oval
Layer  all
$EndPAD
$PAD "4"
position -0.050000  0.000000
size  0.060000  0.100000
drill  0.031496
shape_offset  0.000000  0.000000
orientation  0.00
Shape  Oval
Layer  all
$EndPAD
$PAD "5"
position  0.050000  0.000000
size  0.060000  0.100000
drill  0.031496
shape_offset  0.000000  0.000000
orientation  0.00
Shape  Oval
Layer  all
$EndPAD
$PAD "6"
position  0.150000  0.000000
size  0.060000  0.100000
drill  0.031496
shape_offset  0.000000  0.000000
orientation  0.00
Shape  Oval
Layer  all
$EndPAD
$PAD "7"
position  0.250000  0.000000
size  0.060000  0.100000
drill  0.031496
shape_offset  0.000000  0.000000
orientation  0.00
Shape  Oval
Layer  all
$EndPAD
$PAD "8"
position  0.350000  0.000000
size  0.060000  0.100000
drill  0.031496
shape_offset  0.000000  0.000000
orientation  0.00
Shape  Oval
Layer  all
$EndPAD
$EndMODULE  J1

$MODULE "J2"
reference "J2"
value "ANALOG"
footprint "SIL-6"
attribut none
position  6.150000  3.310000
orientation  0.00
layer component
$PAD "1"
position -0.250000  0.000000
size  0.060000  0.100000
drill  0.031496
shape_offset  0.000000  0.000000
orientation  0.00
Shape  Rect
Layer  all
$EndPAD
$PAD "2"
position -0.150000  0.000000
size  0.060000  0.100000
drill  0.031496
shape_offset  0.000000  0.000000
orientation  0.00
Shape  Oval
Layer  all
$EndPAD
$PAD "3"
position -0.050000  0.000000
size  0.060000  0.100000
drill  0.031496
shape_offset  0.000000  0.000000
orientation  0.00
Shape  Oval
Layer  all
$EndPAD
$PAD "4"
position  0.050000  0.000000
size  0.060000  0.100000
drill  0.031496
shape_offset  0.000000  0.000000
orientation  0.00
Shape  Oval
Layer  all
$EndPAD
$PAD "5"
position  0.150000  0.000000
size  0.060000  0.100000
drill  0.031496
shape_offset  0.000000  0.000000
orientation  0.00
Shape  Oval
Layer  all
$EndPAD
$PAD "6"
position  0.250000  0.000000
size  0.060000  0.100000
drill  0.031496
shape_offset  0.000000  0.000000
orientation  0.00
Shape  Oval
Layer  all
$EndPAD
$EndMODULE  J2

$MODULE "DS1"
reference "DS1"
value "EA_DOGS102"
footprint "DOGS102"
attribut none
position  5.050000  1.610000
orientation  0.00
layer copper
$PAD "14"
position  1.300000  0.000000
size  0.060000  0.100000
drill  0.031496
shape_offset  0.000000  0.000000
orientation  -0.00
Shape  Oval
Layer  all
$EndPAD
$PAD "13"
position  1.200000  0.000000
size  0.060000  0.100000
drill  0.031496
shape_offset  0.000000  0.000000
orientation  -0.00
Shape  Oval
Layer  all
$EndPAD
$PAD "15"
position  1.300000  1.500000
size  0.060000  0.100000
drill  0.031496
shape_offset  0.000000  0.000000
orientation  -0.00
Shape  Oval
Layer  all
$EndPAD
$PAD "16"
position  1.200000  1.500000
size  0.060000  0.100000
drill  0.031496
shape_offset  0.000000  0.000000
orientation  -0.00
Shape  Oval
Layer  all
$EndPAD
$PAD "17"
position  1.100000  1.500000
size  0.060000  0.100000
drill  0.031496
shape_offset  0.000000  0.000000
orientation  -0.00
Shape  Oval
Layer  all
$EndPAD
$PAD "18"
position  1.000000  1.500000
size  0.060000  0.100000
drill  0.031496
shape_offset  0.000000  0.000000
orientation  -0.00
Shape  Oval
Layer  all
$EndPAD
$PAD "19"
position  0.900000  1.500000
size  0.060000  0.100000
drill  0.031496
shape_offset  0.000000  0.000000
orientation  -0.00
Shape  Oval
Layer  all
$EndPAD
$PAD "20"
position  0.800000  1.500000
size  0.060000  0.100000
drill  0.031496
shape_offset  0.000000  0.000000
orientation  -0.00
Shape  Oval
Layer  all
$EndPAD
$PAD "21"
position  0.700000  1.500000
size  0.060000  0.100000
drill  0.031496
shape_offset  0.000000  0.000000
orientation  -0.00
Shape  Oval
Layer  all
$EndPAD
$PAD "22"
position  0.600000  1.500000
size  0.060000  0.100000
drill  0.031496
shape_offset  0.000000  0.000000
orientation  -0.00
Shape  Oval
Layer  all
$EndPAD
$PAD "23"
position  0.500000  1.500000
size  0.060000  0.100000
drill  0.031496
shape_offset  0.000000  0.000000
orientation  -0.00
Shape  Oval
Layer  all
$EndPAD
$PAD "24"
position  0.400000  1.500000
size  0.060000  0.100000
drill  0.031496
shape_offset  0.000000  0.000000
orientation  -0.00
Shape  Oval
Layer  all
$EndPAD
$PAD "25"
position  0.300000  1.500000
size  0.060000  0.100000
drill  0.031496
shape_offset  0.000000  0.000000
orientation  -0.00
Shape  Oval
Layer  all
$EndPAD
$PAD "26"
position  0.200000  1.500000
size  0.060000  0.100000
drill  0.031496
shape_offset  0.000000  0.000000
orientation  -0.00
Shape  Oval
Layer  all
$EndPAD
$PAD "27"
position  0.100000  1.500000
size  0.060000  0.100000
drill  0.031496
shape_offset  0.000000  0.000000
orientation  -0.00
Shape  Oval
Layer  all
$EndPAD
$PAD "28"
position  0.000000  1.500000
size  0.060000  0.100000
drill  0.031496
shape_offset  0.000000  0.000000
orientation  -0.00
Shape  Oval
Layer  all
$EndPAD
$PAD "1"
position  0.000000  0.000000
size  0.060000  0.100000
drill  0.031496
shape_offset  0.000000  0.000000
orientation  -0.00
Shape  Oval
Layer  all
$EndPAD
$PAD "2"
position  0.100000  0.000000
size  0.060000  0.100000
drill  0.031496
shape_offset  0.000000  0.000000
orientation  -0.00
Shape  Oval
Layer  all
$EndPAD
$EndMODULE  DS1

$MODULE "C10"
reference "C10"
value "10 uF"
footprint "DM5_RM2_THM"
attribut none
position  6.600000  2.560000
orientation  270.00
layer copper
$PAD "1"
position -0.039400  0.000000
size  0.058300  0.058300
drill  0.031496
shape_offset  0.000000  0.000000
orientation  0.00
Shape  Circ
Layer  all
$EndPAD
$PAD "2"
position  0.039400  0.000000
size  0.058300  0.058300
drill  0.031496
shape_offset  0.000000  0.000000
orientation  0.00
Shape  Circ
Layer  all
$EndPAD
$EndMODULE  C10

$MODULE "C1"
reference "C1"
value "10 uF"
footprint "DM5_RM2_THM"
attribut none
position  4.550000  1.635000
orientation  270.00
layer copper
$PAD "1"
position -0.039400  0.000000
size  0.058300  0.058300
drill  0.031496
shape_offset  0.000000  0.000000
orientation  0.00
Shape  Circ
Layer  all
$EndPAD
$PAD "2"
position  0.039400  0.000000
size  0.058300  0.058300
drill  0.031496
shape_offset  0.000000  0.000000
orientation  0.00
Shape  Circ
Layer  all
$EndPAD
$EndMODULE  C1

$MODULE "P2"
reference "P2"
value "ICSP"
footprint "pin_array_3x2"
attribut none
position  5.825000  2.735000
orientation  180.00
layer copper
$SHAPE3D
Na "pin_array/pins_array_3x2.wrl"
Sc 1 1 1
Of 0 0 0
Ro 0 0 0
$EndSHAPE3D
$PAD "1"
position -0.100000 -0.050000
size  0.065000  0.065000
drill  0.039370
shape_offset  0.000000  0.000000
orientation  0.00
Shape  Rect
Layer  all
$EndPAD
$PAD "2"
position -0.100000  0.050000
size  0.065000  0.065000
drill  0.039370
shape_offset  0.000000  0.000000
orientation  0.00
Shape  Circ
Layer  all
$EndPAD
$PAD "3"
position  0.000000 -0.050000
size  0.065000  0.065000
drill  0.039370
shape_offset  0.000000  0.000000
orientation  0.00
Shape  Circ
Layer  all
$EndPAD
$PAD "4"
position  0.000000  0.050000
size  0.065000  0.065000
drill  0.039370
shape_offset  0.000000  0.000000
orientation  0.00
Shape  Circ
Layer  all
$EndPAD
$PAD "5"
position  0.100000 -0.050000
size  0.065000  0.065000
drill  0.039370
shape_offset  0.000000  0.000000
orientation  0.00
Shape  Circ
Layer  all
$EndPAD
$PAD "6"
position  0.100000  0.050000
size  0.065000  0.065000
drill  0.039370
shape_offset  0.000000  0.000000
orientation  0.00
Shape  Circ
Layer  all
$EndPAD
$EndMODULE  P2

$MODULE "R14"
reference "R14"
value "2.2K"
footprint "RC05_300"
attribut none
position  4.860000  1.900000
orientation  270.00
layer copper
$PAD "1"
position -0.150000  0.000000
size  0.070000  0.070000
drill  0.031496
shape_offset  0.000000  0.000000
orientation  0.00
Shape  Circ
Layer  all
$EndPAD
$PAD "2"
position  0.150000  0.000000
size  0.070000  0.070000
drill  0.031496
shape_offset  0.000000  0.000000
orientation  0.00
Shape  Circ
Layer  all
$EndPAD
$EndMODULE  R14

$MODULE "~"
reference "~"
value "~"
footprint "LOGO_TC05"
attribut none
position  5.710000  3.575000
orientation  180.00
layer copper
$EndMODULE  ~

$MODULE "U4"
reference "U4"
value "MC14050"
footprint "SOIC-16-D"
attribut smd
position  6.725000  2.925000
orientation  90.00
layer component
$SHAPE3D
Na "smd/cms_so16.wrl"
Sc 0.5 0.3 0.5
Of 0 0 0
Ro 0 0 0
$EndSHAPE3D
$PAD "1"
position -0.175000  0.100000
size  0.023622  0.059055
drill  0.000000
shape_offset  0.000000  0.000000
orientation  0.00
Shape  Rect
Layer  component
$EndPAD
$PAD "2"
position -0.125000  0.100000
size  0.023622  0.059055
drill  0.000000
shape_offset  0.000000  0.000000
orientation  0.00
Shape  Rect
Layer  component
$EndPAD
$PAD "3"
position -0.075000  0.100000
size  0.023622  0.059055
drill  0.000000
shape_offset  0.000000  0.000000
orientation  0.00
Shape  Rect
Layer  component
$EndPAD
$PAD "4"
position -0.025000  0.100000
size  0.023622  0.059055
drill  0.000000
shape_offset  0.000000  0.000000
orientation  0.00
Shape  Rect
Layer  component
$EndPAD
$PAD "5"
position  0.025000  0.100000
size  0.023622  0.059055
drill  0.000000
shape_offset  0.000000  0.000000
orientation  0.00
Shape  Rect
Layer  component
$EndPAD
$PAD "6"
position  0.075000  0.100000
size  0.023622  0.059055
drill  0.000000
shape_offset  0.000000  0.000000
orientation  0.00
Shape  Rect
Layer  component
$EndPAD
$PAD "7"
position  0.125000  0.100000
size  0.023622  0.059055
drill  0.000000
shape_offset  0.000000  0.000000
orientation  0.00
Shape  Rect
Layer  component
$EndPAD
$PAD "8"
position  0.175000  0.100000
size  0.023622  0.059055
drill  0.000000
shape_offset  0.000000  0.000000
orientation  0.00
Shape  Rect
Layer  component
$EndPAD
$PAD "9"
position  0.175000 -0.100000
size  0.023622  0.059055
drill  0.000000
shape_offset  0.000000  0.000000
orientation  0.00
Shape  Rect
Layer  component
$EndPAD
$PAD "10"
position  0.125000 -0.100000
size  0.023622  0.059055
drill  0.000000
shape_offset  0.000000  0.000000
orientation  0.00
Shape  Rect
Layer  component
$EndPAD
$PAD "11"
position  0.075000 -0.100000
size  0.023622  0.059055
drill  0.000000
shape_offset  0.000000  0.000000
orientation  0.00
Shape  Rect
Layer  component
$EndPAD
$PAD "12"
position  0.025000 -0.100000
size  0.023622  0.059055
drill  0.000000
shape_offset  0.000000  0.000000
orientation  0.00
Shape  Rect
Layer  component
$EndPAD
$PAD "13"
position -0.025000 -0.100000
size  0.023622  0.059055
drill  0.000000
shape_offset  0.000000  0.000000
orientation  0.00
Shape  Rect
Layer  component
$EndPAD
$PAD "14"
position -0.075000 -0.100000
size  0.023622  0.059055
drill  0.000000
shape_offset  0.000000  0.000000
orientation  0.00
Shape  Rect
Layer  component
$EndPAD
$PAD "15"
position -0.125000 -0.100000
size  0.023622  0.059055
drill  0.000000
shape_offset  0.000000  0.000000
orientation  0.00
Shape  Rect
Layer  component
$EndPAD
$PAD "16"
position -0.175000 -0.100000
size  0.023622  0.059055
drill  0.000000
shape_offset  0.000000  0.000000
orientation  0.00
Shape  Rect
Layer  component
$EndPAD
$EndMODULE  U4

$MODULE "R1"
reference "R1"
value "1K"
footprint "SM0603"
attribut smd
position  4.550000  2.800000
orientation  270.00
layer component
$SHAPE3D
Na "smd\\resistors\\R0603.wrl"
Sc 0.5 0.5 0.5
Of 0 0 0.001
Ro 0 0 0
$EndSHAPE3D
$PAD "1"
position -0.030000  0.000000
size  0.025000  0.045000
drill  0.000000
shape_offset  0.000000  0.000000
orientation  0.00
Shape  Rect
Layer  component
$EndPAD
$PAD "2"
position  0.030000  0.000000
size  0.025000  0.045000
drill  0.000000
shape_offset  0.000000  0.000000
orientation  0.00
Shape  Rect
Layer  component
$EndPAD
$EndMODULE  R1

$MODULE "LBL*"
reference "LBL*"
value "T_LOGO"
footprint "T_LOGO"
attribut none
position  7.575000  1.650000
orientation  180.00
layer copper
$EndMODULE  LBL*

$ARC 
centre 7.300000 1.935000
start 6.675000 1.935000
end 7.300000 1.310000
width 0.006000
$EndARC 
$ARC 
centre 4.125000 1.935000
start 4.125000 2.560000
end 3.500000 1.935000
width 0.006000
$EndARC 
$ARC 
centre 4.125000 3.785000
start 4.125000 3.160000
end 4.750000 3.785000
width 0.006000
$EndARC 
$ARC 
centre 4.125000 3.785000
start 4.750000 3.785000
end 4.125000 4.410000
width 0.006000
$EndARC 
$ARC 
centre 7.300000 3.785000
start 7.300000 3.160000
end 7.925000 3.785000
width 0.006000
$EndARC 
$ARC 
centre 7.300000 3.785000
start 7.925000 3.785000
end 7.300000 4.410000
width 0.006000
$EndARC 
$LINE 
start 4.750000 3.785000
end 6.675000 3.785000
width 0.006000
$EndLINE 
$LINE 
start 7.925000 1.935000
end 7.925000 3.785000
width 0.006000
$EndLINE 
$LINE 
start 3.500000 1.935000
end 3.500000 3.810000
width 0.006000
$EndLINE 
$LINE 
start 7.300000 1.310000
end 4.125000 1.310000
width 0.006000
$EndLINE 
$EndDESCRIPTION
